<?xml version="1.0" encoding="UTF-8"?>
<!-- Generated by org.testng.reporters.JUnitReportReporter -->
<testsuite hostname="DESKTOP-VEPRPOI" failures="0" tests="1" name="cucumberOptions.TestRunnerFile" time="20.132" errors="0" timestamp="2025-01-25T20:39:58 BDT" skipped="0">
  <testcase classname="cucumberOptions.TestRunnerFile" name="runScenario" time="20.132"/>
</testsuite> <!-- cucumberOptions.TestRunnerFile -->
